0 info it worked if it ends with ok
1 verbose cli [ 'D:\\Program Files\\nodejs\\node.exe',
1 verbose cli   'D:\\Program Files\\nodejs\\node_modules\\npm\\bin\\npm-cli.js',
1 verbose cli   'publish' ]
2 info using npm@3.8.3
3 info using node@v5.10.1
4 verbose publish [ '.' ]
5 silly cache add args [ '.', null ]
6 verbose cache add spec .
7 silly cache add parsed spec Result {
7 silly cache add   raw: '.',
7 silly cache add   scope: null,
7 silly cache add   name: null,
7 silly cache add   rawSpec: '.',
7 silly cache add   spec: 'E:\\work\\ali\\link',
7 silly cache add   type: 'directory' }
8 verbose addLocalDirectory C:\Users\minqi.zhumq\AppData\Roaming\npm-cache\js-link\1.0.0\package.tgz not in flight; packing
9 verbose correctMkdir C:\Users\minqi.zhumq\AppData\Roaming\npm-cache correctMkdir not in flight; initializing
10 info lifecycle js-link@1.0.0~prepublish: js-link@1.0.0
11 silly lifecycle js-link@1.0.0~prepublish: no script for prepublish, continuing
12 verbose tar pack [ 'C:\\Users\\minqi.zhumq\\AppData\\Roaming\\npm-cache\\js-link\\1.0.0\\package.tgz',
12 verbose tar pack   'E:\\work\\ali\\link' ]
13 verbose tarball C:\Users\minqi.zhumq\AppData\Roaming\npm-cache\js-link\1.0.0\package.tgz
14 verbose folder E:\work\ali\link
15 verbose addLocalTarball adding from inside cache C:\Users\minqi.zhumq\AppData\Roaming\npm-cache\js-link\1.0.0\package.tgz
16 verbose correctMkdir C:\Users\minqi.zhumq\AppData\Roaming\npm-cache correctMkdir not in flight; initializing
17 silly cache afterAdd js-link@1.0.0
18 verbose afterAdd C:\Users\minqi.zhumq\AppData\Roaming\npm-cache\js-link\1.0.0\package\package.json not in flight; writing
19 verbose correctMkdir C:\Users\minqi.zhumq\AppData\Roaming\npm-cache correctMkdir not in flight; initializing
20 verbose afterAdd C:\Users\minqi.zhumq\AppData\Roaming\npm-cache\js-link\1.0.0\package\package.json written
21 silly publish { name: 'js-link',
21 silly publish   version: '1.0.0',
21 silly publish   description: '通过一种链式关系、将对象对象进行，统一管理，统一维护',
21 silly publish   main: 'index.js',
21 silly publish   dependencies: {},
21 silly publish   devDependencies: { chai: '^3.5.0', eslint: '^2.10.2' },
21 silly publish   scripts: {},
21 silly publish   repository: { type: 'git', url: 'git+https://github.com/pulo/link.git' },
21 silly publish   author: { name: 'minqi.zhumq' },
21 silly publish   license: 'ISC',
21 silly publish   bugs: { url: 'https://github.com/pulo/link/issues' },
21 silly publish   homepage: 'https://github.com/pulo/link#readme',
21 silly publish   directories: { test: 'test' },
21 silly publish   keywords: [ 'javascript' ],
21 silly publish   readme: '\n\n## 简介——intro\n\n# 方法——api \n\n## Link\n提供Link应用的接口服务，如创建、删除、继承等功能。同时也是唯一window下的全局对象。\n\n#### create\n```\nLink.create(Class,[param],[context])\n@param Class 所要实例化的父类\n@param param 实例对象的入参\n@param context 所实例对象的父对象\n```\n创建一个对象，所创建的对象会和context对象建立父子关系，单例对象除外\n\n> 对于非LINK的类，也可以通过Link.create创建了，同new Class(param)\n\n\n#### destroy\n```\nLink.destroy(obj)\n@param obj 所要销毁的对象\n```\n销毁一个对象\n\n> 请使用Link.destroy(obj)来销毁对象，不要使用obj.destroy()来销毁，否则会导致应用该对象的其他对象关系错误\n\n\n#### find\n```\nLink.find(tag)\n@param tag 标签名\nreturn array\n```\n根据tag搜索拥有该tag的对象\n\n\n\n#### getObjectList\n```\nLink.getObjectList()\n```\n获取当前活动的所有对象列表\n\n## Link.Seed\n基类\n\n```javascript\nvar YouClass = Link.Seed.extend({\n    constrator:function(_opt){\n        super(_opt);\n    },\n    boot:function(){\n        super();\n        this.hello();\n    },\n    hello:function(){//私有方法\n        console.log(\'hello\')\n    },\n    destroy:function(){\n        super();\n    }\n})\n```\n> *关于boot：*\n\n> 对象通过工厂创造到完成，由几个过程组成：`检测类是否为单例 --> 创造对象--> 打上工厂id --> [任何可能穿插的流程]--> 启动boot--> 出厂`，如果我在init里需要用到工厂id,在那个阶段必然会出错，因为init时还没完成new的过程，自然还没有工厂id，因此就有了boot的概念。\n\n> 所以我们建议将一些启动阶段要做的事情放在boot里，如创建子对象、绑定事件等，而init里仅放一些配置信息即可。\n\n\n调用父类的同名方法\n\n#### subscribe\n```\nobject.subscribe(channel,function)\n@param channel 所订阅的频道\n@param function  回调\n```\n订阅某个[广播通知](#link-radio)\n\n#### unSubscribe\n```\nobject.unSubscribe(channel)\n@param channel 所订阅的频道\n```\n取消该对象对某个广播通知的订阅\n\n#### parent\n```\nobject.parent\n```\n获取该对象的父对象\n> 注意：单例对象不会成为子对象\n\n#### children\n```\nobject.children\n```\n获取该对象的子对象 返回数组形态\n[subObj1,subObj2,subObj3]\n\n\n#### newTag\n```\nobject.newTag(tag)\n@param tag  新打的标签\nex:\nobject.newTag(\'aaa\');\nobject.newTag(\'aaa bbb\');\n```\n为该对象或类打上新的标签，添加多个标签请用空格分割\n\n#### hasTag\n```\nobject.hasTag(tag)\n@param tag  标签\n```\n查看该对象是否含有改标签\n\n#### tags\n```\nobject.tags\n```\n查看该对象有哪些标签 返回数组\n\n#### _id\n```\nobject._id\n```\n查看该对象出厂时的唯一id\n',
21 silly publish   readmeFilename: 'README.md',
21 silly publish   gitHead: '39fdbf404cad2fa3aa8b4e87d7713af7f252f363',
21 silly publish   _id: 'js-link@1.0.0',
21 silly publish   _shasum: 'f41bc5e2826e1b17b5e90429fc45b02470b99ec3',
21 silly publish   _from: '.' }
22 verbose getPublishConfig undefined
23 silly mapToRegistry name js-link
24 silly mapToRegistry using default registry
25 silly mapToRegistry registry https://registry.npmjs.org/
26 silly mapToRegistry data Result {
26 silly mapToRegistry   raw: 'js-link',
26 silly mapToRegistry   scope: null,
26 silly mapToRegistry   name: 'js-link',
26 silly mapToRegistry   rawSpec: '',
26 silly mapToRegistry   spec: 'latest',
26 silly mapToRegistry   type: 'tag' }
27 silly mapToRegistry uri https://registry.npmjs.org/js-link
28 verbose publish registryBase https://registry.npmjs.org/
29 silly publish uploading C:\Users\minqi.zhumq\AppData\Roaming\npm-cache\js-link\1.0.0\package.tgz
30 verbose request uri https://registry.npmjs.org/js-link
31 verbose request sending authorization for write operation
32 info attempt registry request try #1 at 15:17:00
33 verbose request using bearer token for auth
34 verbose request id a7ed4b1f8160b50d
35 http request PUT https://registry.npmjs.org/js-link
36 http 403 https://registry.npmjs.org/js-link
37 verbose headers { 'content-type': 'application/json',
37 verbose headers   'cache-control': 'max-age=300',
37 verbose headers   'content-length': '95',
37 verbose headers   'accept-ranges': 'bytes',
37 verbose headers   date: 'Fri, 20 May 2016 07:17:05 GMT',
37 verbose headers   via: '1.1 varnish',
37 verbose headers   connection: 'keep-alive',
37 verbose headers   'x-served-by': 'cache-lcy1120-LCY',
37 verbose headers   'x-cache': 'MISS',
37 verbose headers   'x-cache-hits': '0',
37 verbose headers   'x-timer': 'S1463728623.829722,VS0,VE1289',
37 verbose headers   vary: 'Accept-Encoding' }
38 verbose request invalidating C:\Users\minqi.zhumq\AppData\Roaming\npm-cache\registry.npmjs.org\js-link on PUT
39 error publish Failed PUT 403
40 verbose stack Error: "You cannot publish over the previously published version 1.0.0." : js-link
40 verbose stack     at makeError (D:\Program Files\nodejs\node_modules\npm\node_modules\npm-registry-client\lib\request.js:264:12)
40 verbose stack     at CachingRegistryClient.<anonymous> (D:\Program Files\nodejs\node_modules\npm\node_modules\npm-registry-client\lib\request.js:252:14)
40 verbose stack     at Request._callback (D:\Program Files\nodejs\node_modules\npm\node_modules\npm-registry-client\lib\request.js:172:14)
40 verbose stack     at Request.self.callback (D:\Program Files\nodejs\node_modules\npm\node_modules\request\request.js:199:22)
40 verbose stack     at emitTwo (events.js:100:13)
40 verbose stack     at Request.emit (events.js:185:7)
40 verbose stack     at Request.<anonymous> (D:\Program Files\nodejs\node_modules\npm\node_modules\request\request.js:1036:10)
40 verbose stack     at emitOne (events.js:95:20)
40 verbose stack     at Request.emit (events.js:182:7)
40 verbose stack     at IncomingMessage.<anonymous> (D:\Program Files\nodejs\node_modules\npm\node_modules\request\request.js:963:12)
41 verbose statusCode 403
42 verbose pkgid js-link
43 verbose cwd E:\work\ali\link
44 error Windows_NT 6.1.7601
45 error argv "D:\\Program Files\\nodejs\\node.exe" "D:\\Program Files\\nodejs\\node_modules\\npm\\bin\\npm-cli.js" "publish"
46 error node v5.10.1
47 error npm  v3.8.3
48 error code E403
49 error "You cannot publish over the previously published version 1.0.0." : js-link
50 error If you need help, you may report this error at:
50 error     <https://github.com/npm/npm/issues>
51 verbose exit [ 1, true ]
